<?xml version="1.0" encoding="UTF-8"?>
<!-- Generated by org.testng.reporters.JUnitXMLReporter -->
<testsuite ignored="0" hostname="DESKTOP-JSPIG1C" failures="1" tests="1" name="Clase Automation QA" time="49.381" errors="0" timestamp="2023-08-25T13:58:02 CLT">
  <testcase classname="test.java.carritocompras.CarritoComprasTest" name="QAS12" time="45.157">
    <failure type="java.lang.AssertionError" message="null">
      <![CDATA[java.lang.AssertionError: null
at main.java.utils.Utils.eventFailed(Utils.java:43)
at main.java.pageEvents.LoginEvents.iniciarSesion(LoginEvents.java:60)
at test.java.carritocompras.CarritoComprasTest.QAS12(CarritoComprasTest.java:24)
at java.base/java.util.ArrayList.forEach(ArrayList.java:1511)
... Removed 29 stack frames]]>
    </failure>
  </testcase> <!-- QAS12 -->
</testsuite> <!-- Clase Automation QA -->
